{"timestamp":"2025-08-18T10:16:30.381Z","level":"info","message":"PROFESSIONAL SUPERTREND RENKO TRADING SYSTEM STARTED","data":{"timestamp":"2025-08-18T10:16:30.380Z"}}
{"timestamp":"2025-08-18T10:16:30.415Z","level":"info","message":"System initialized","data":{"initialCapital":100000,"primaryStrategy":"SuperTrend Renko Confluence Strategy","secondaryStrategy":"Bollinger Stochastic Renko Strategy"}}
{"timestamp":"2025-08-18T10:16:30.419Z","level":"info","message":"Logs server started","data":{"port":8080}}
{"timestamp":"2025-08-18T10:16:31.493Z","level":"success","message":"Professional Renko Trading Active","data":{}}
{"timestamp":"2025-08-18T10:16:31.643Z","level":"market","message":"Price Tick","data":{"price":115193.827791,"tick":1,"currentCandle":0,"activeStrategy":"PRIMARY"}}
{"timestamp":"2025-08-18T10:16:31.643Z","level":"info","message":"First Candle Started","data":{"candle":1,"price":115172.5,"activeStrategy":"PRIMARY"}}
{"timestamp":"2025-08-18T10:16:36.769Z","level":"market","message":"Price Tick","data":{"price":115189.075615,"tick":2,"currentCandle":0,"activeStrategy":"PRIMARY"}}
{"timestamp":"2025-08-18T10:16:41.666Z","level":"market","message":"Price Tick","data":{"price":115188.649625,"tick":3,"currentCandle":0,"activeStrategy":"PRIMARY"}}
{"timestamp":"2025-08-18T10:16:46.699Z","level":"market","message":"Price Tick","data":{"price":115188.428308,"tick":4,"currentCandle":0,"activeStrategy":"PRIMARY"}}
{"timestamp":"2025-08-18T10:16:50.421Z","level":"info","message":"========== TRADING STATUS UPDATE ==========","data":{"runtime":"0h 0m","candle":0,"updates":4,"updateRate":"0.2","signals":0,"trades":0,"equity":100000,"dailyPnL":0,"marketRegime":"TRENDING","activeStrategy":"PRIMARY","connectionStatus":"✅ Connected"}}
{"timestamp":"2025-08-18T10:16:50.422Z","level":"info","message":"SUPERTREND RENKO STATUS","data":{"bricks":0,"brickSize":0,"trend":"0 INIT","trendStrength":"0.0","signals":0,"avgConfluence":"0.00","activeStrategy":"ACTIVE"}}
{"timestamp":"2025-08-18T10:16:50.422Z","level":"info","message":"BOLLINGER RENKO STATUS","data":{"bricks":0,"brickSize":0,"trend":"0 INIT","trendStrength":"0.0","signals":0,"bbBounces":0,"activeStrategy":"STANDBY"}}
{"timestamp":"2025-08-18T10:16:50.423Z","level":"info","message":"POSITION STATUS","data":{"status":"NO POSITION","cash":100000,"candle":0}}
{"timestamp":"2025-08-18T10:16:51.714Z","level":"market","message":"Price Tick","data":{"price":115197.175802,"tick":5,"currentCandle":0,"activeStrategy":"PRIMARY"}}
{"timestamp":"2025-08-18T10:16:56.731Z","level":"market","message":"Price Tick","data":{"price":115204.311532,"tick":6,"currentCandle":0,"activeStrategy":"PRIMARY"}}
{"timestamp":"2025-08-18T10:17:01.741Z","level":"market","message":"Price Tick","data":{"price":115203.795247,"tick":7,"currentCandle":0,"activeStrategy":"PRIMARY"}}
{"timestamp":"2025-08-18T10:17:06.759Z","level":"market","message":"Price Tick","data":{"price":115215.542947,"tick":8,"currentCandle":0,"activeStrategy":"PRIMARY"}}
{"timestamp":"2025-08-18T10:17:10.422Z","level":"info","message":"========== TRADING STATUS UPDATE ==========","data":{"runtime":"0h 0m","candle":0,"updates":8,"updateRate":"0.2","signals":0,"trades":0,"equity":100000,"dailyPnL":0,"marketRegime":"TRENDING","activeStrategy":"PRIMARY","connectionStatus":"✅ Connected"}}
{"timestamp":"2025-08-18T10:17:10.424Z","level":"info","message":"SUPERTREND RENKO STATUS","data":{"bricks":0,"brickSize":0,"trend":"0 INIT","trendStrength":"0.0","signals":0,"avgConfluence":"0.00","activeStrategy":"ACTIVE"}}
{"timestamp":"2025-08-18T10:17:10.424Z","level":"info","message":"BOLLINGER RENKO STATUS","data":{"bricks":0,"brickSize":0,"trend":"0 INIT","trendStrength":"0.0","signals":0,"bbBounces":0,"activeStrategy":"STANDBY"}}
{"timestamp":"2025-08-18T10:17:10.424Z","level":"info","message":"POSITION STATUS","data":{"status":"NO POSITION","cash":100000,"candle":0}}
{"timestamp":"2025-08-18T10:17:11.788Z","level":"market","message":"Price Tick","data":{"price":115208.264152,"tick":9,"currentCandle":0,"activeStrategy":"PRIMARY"}}
{"timestamp":"2025-08-18T10:17:16.808Z","level":"market","message":"Price Tick","data":{"price":115208.264152,"tick":10,"currentCandle":0,"activeStrategy":"PRIMARY"}}
{"timestamp":"2025-08-18T10:17:21.823Z","level":"market","message":"Price Tick","data":{"price":115208.264152,"tick":11,"currentCandle":0,"activeStrategy":"PRIMARY"}}
{"timestamp":"2025-08-18T10:17:26.815Z","level":"market","message":"Price Tick","data":{"price":115179.999556,"tick":12,"currentCandle":0,"activeStrategy":"PRIMARY"}}
{"timestamp":"2025-08-18T10:17:30.422Z","level":"info","message":"========== TRADING STATUS UPDATE ==========","data":{"runtime":"0h 1m","candle":0,"updates":12,"updateRate":"0.2","signals":0,"trades":0,"equity":100000,"dailyPnL":0,"marketRegime":"TRENDING","activeStrategy":"PRIMARY","connectionStatus":"✅ Connected"}}
{"timestamp":"2025-08-18T10:17:30.424Z","level":"info","message":"SUPERTREND RENKO STATUS","data":{"bricks":0,"brickSize":0,"trend":"0 INIT","trendStrength":"0.0","signals":0,"avgConfluence":"0.00","activeStrategy":"ACTIVE"}}
{"timestamp":"2025-08-18T10:17:30.425Z","level":"info","message":"BOLLINGER RENKO STATUS","data":{"bricks":0,"brickSize":0,"trend":"0 INIT","trendStrength":"0.0","signals":0,"bbBounces":0,"activeStrategy":"STANDBY"}}
{"timestamp":"2025-08-18T10:17:30.425Z","level":"info","message":"POSITION STATUS","data":{"status":"NO POSITION","cash":100000,"candle":0}}
{"timestamp":"2025-08-18T10:17:31.826Z","level":"market","message":"Price Tick","data":{"price":115178.995718,"tick":13,"currentCandle":0,"activeStrategy":"PRIMARY"}}
{"timestamp":"2025-08-18T10:17:31.828Z","level":"info","message":"Candle Completed","data":{"candle":1,"ohlcv":{"timestamp":"2025-08-18T10:16:31.643Z","open":115172.5,"high":115200.5,"low":115171,"close":115171,"volume":3591146},"activeStrategy":"PRIMARY","marketRegime":"TRENDING","duration":"60.184s"}}
{"timestamp":"2025-08-18T10:17:36.840Z","level":"market","message":"Price Tick","data":{"price":115174.983407,"tick":14,"currentCandle":1,"activeStrategy":"PRIMARY"}}
{"timestamp":"2025-08-18T10:17:41.895Z","level":"market","message":"Price Tick","data":{"price":115163.689891,"tick":15,"currentCandle":1,"activeStrategy":"PRIMARY"}}
{"timestamp":"2025-08-18T10:17:46.867Z","level":"market","message":"Price Tick","data":{"price":115162.518483,"tick":16,"currentCandle":1,"activeStrategy":"PRIMARY"}}
{"timestamp":"2025-08-18T10:17:50.424Z","level":"info","message":"========== TRADING STATUS UPDATE ==========","data":{"runtime":"0h 1m","candle":1,"updates":16,"updateRate":"0.2","signals":0,"trades":0,"equity":100000,"dailyPnL":0,"marketRegime":"TRENDING","activeStrategy":"PRIMARY","connectionStatus":"✅ Connected"}}
{"timestamp":"2025-08-18T10:17:50.426Z","level":"info","message":"SUPERTREND RENKO STATUS","data":{"bricks":0,"brickSize":0,"trend":"0 INIT","trendStrength":"0.0","signals":0,"avgConfluence":"0.00","activeStrategy":"ACTIVE"}}
{"timestamp":"2025-08-18T10:17:50.427Z","level":"info","message":"BOLLINGER RENKO STATUS","data":{"bricks":0,"brickSize":0,"trend":"0 INIT","trendStrength":"0.0","signals":0,"bbBounces":0,"activeStrategy":"STANDBY"}}
{"timestamp":"2025-08-18T10:17:50.427Z","level":"info","message":"POSITION STATUS","data":{"status":"NO POSITION","cash":100000,"candle":1}}
{"timestamp":"2025-08-18T10:17:51.931Z","level":"market","message":"Price Tick","data":{"price":115161.831794,"tick":17,"currentCandle":1,"activeStrategy":"PRIMARY"}}
{"timestamp":"2025-08-18T10:17:56.929Z","level":"market","message":"Price Tick","data":{"price":115163.172095,"tick":18,"currentCandle":1,"activeStrategy":"PRIMARY"}}
{"timestamp":"2025-08-18T10:18:01.941Z","level":"market","message":"Price Tick","data":{"price":115154.735342,"tick":19,"currentCandle":1,"activeStrategy":"PRIMARY"}}
{"timestamp":"2025-08-18T10:18:06.956Z","level":"market","message":"Price Tick","data":{"price":115152.281368,"tick":20,"currentCandle":1,"activeStrategy":"PRIMARY"}}
{"timestamp":"2025-08-18T10:18:10.426Z","level":"info","message":"========== TRADING STATUS UPDATE ==========","data":{"runtime":"0h 1m","candle":1,"updates":20,"updateRate":"0.2","signals":0,"trades":0,"equity":100000,"dailyPnL":0,"marketRegime":"TRENDING","activeStrategy":"PRIMARY","connectionStatus":"✅ Connected"}}
{"timestamp":"2025-08-18T10:18:10.428Z","level":"info","message":"SUPERTREND RENKO STATUS","data":{"bricks":0,"brickSize":0,"trend":"0 INIT","trendStrength":"0.0","signals":0,"avgConfluence":"0.00","activeStrategy":"ACTIVE"}}
{"timestamp":"2025-08-18T10:18:10.429Z","level":"info","message":"BOLLINGER RENKO STATUS","data":{"bricks":0,"brickSize":0,"trend":"0 INIT","trendStrength":"0.0","signals":0,"bbBounces":0,"activeStrategy":"STANDBY"}}
{"timestamp":"2025-08-18T10:18:10.430Z","level":"info","message":"POSITION STATUS","data":{"status":"NO POSITION","cash":100000,"candle":1}}
{"timestamp":"2025-08-18T10:18:12.003Z","level":"market","message":"Price Tick","data":{"price":115152.281368,"tick":21,"currentCandle":1,"activeStrategy":"PRIMARY"}}
{"timestamp":"2025-08-18T10:18:16.981Z","level":"market","message":"Price Tick","data":{"price":115152.281368,"tick":22,"currentCandle":1,"activeStrategy":"PRIMARY"}}
{"timestamp":"2025-08-18T10:18:22.035Z","level":"market","message":"Price Tick","data":{"price":115144.931085,"tick":23,"currentCandle":1,"activeStrategy":"PRIMARY"}}
{"timestamp":"2025-08-18T10:18:27.010Z","level":"market","message":"Price Tick","data":{"price":115139.460552,"tick":24,"currentCandle":1,"activeStrategy":"PRIMARY"}}
{"timestamp":"2025-08-18T10:18:30.427Z","level":"info","message":"========== TRADING STATUS UPDATE ==========","data":{"runtime":"0h 2m","candle":1,"updates":24,"updateRate":"0.2","signals":0,"trades":0,"equity":100000,"dailyPnL":0,"marketRegime":"TRENDING","activeStrategy":"PRIMARY","connectionStatus":"✅ Connected"}}
{"timestamp":"2025-08-18T10:18:30.431Z","level":"info","message":"SUPERTREND RENKO STATUS","data":{"bricks":0,"brickSize":0,"trend":"0 INIT","trendStrength":"0.0","signals":0,"avgConfluence":"0.00","activeStrategy":"ACTIVE"}}
{"timestamp":"2025-08-18T10:18:30.431Z","level":"info","message":"BOLLINGER RENKO STATUS","data":{"bricks":0,"brickSize":0,"trend":"0 INIT","trendStrength":"0.0","signals":0,"bbBounces":0,"activeStrategy":"STANDBY"}}
{"timestamp":"2025-08-18T10:18:30.432Z","level":"info","message":"POSITION STATUS","data":{"status":"NO POSITION","cash":100000,"candle":1}}
{"timestamp":"2025-08-18T10:18:32.072Z","level":"market","message":"Price Tick","data":{"price":115119.093426,"tick":25,"currentCandle":1,"activeStrategy":"PRIMARY"}}
{"timestamp":"2025-08-18T10:18:32.074Z","level":"info","message":"Candle Completed","data":{"candle":2,"ohlcv":{"timestamp":"2025-08-18T10:17:31.827Z","open":115171,"high":115171,"low":115103,"close":115103,"volume":3589952},"activeStrategy":"PRIMARY","marketRegime":"TRENDING","duration":"60.247s"}}
{"timestamp":"2025-08-18T10:18:37.032Z","level":"market","message":"Price Tick","data":{"price":115112.534123,"tick":26,"currentCandle":2,"activeStrategy":"PRIMARY"}}
{"timestamp":"2025-08-18T10:18:42.109Z","level":"market","message":"Price Tick","data":{"price":115115.178908,"tick":27,"currentCandle":2,"activeStrategy":"PRIMARY"}}
{"timestamp":"2025-08-18T10:18:47.058Z","level":"market","message":"Price Tick","data":{"price":115112.941152,"tick":28,"currentCandle":2,"activeStrategy":"PRIMARY"}}
{"timestamp":"2025-08-18T10:18:50.428Z","level":"info","message":"========== TRADING STATUS UPDATE ==========","data":{"runtime":"0h 2m","candle":2,"updates":28,"updateRate":"0.2","signals":0,"trades":0,"equity":100000,"dailyPnL":0,"marketRegime":"TRENDING","activeStrategy":"PRIMARY","connectionStatus":"✅ Connected"}}
{"timestamp":"2025-08-18T10:18:50.429Z","level":"info","message":"SUPERTREND RENKO STATUS","data":{"bricks":0,"brickSize":0,"trend":"0 INIT","trendStrength":"0.0","signals":0,"avgConfluence":"0.00","activeStrategy":"ACTIVE"}}
{"timestamp":"2025-08-18T10:18:50.430Z","level":"info","message":"BOLLINGER RENKO STATUS","data":{"bricks":0,"brickSize":0,"trend":"0 INIT","trendStrength":"0.0","signals":0,"bbBounces":0,"activeStrategy":"STANDBY"}}
{"timestamp":"2025-08-18T10:18:50.430Z","level":"info","message":"POSITION STATUS","data":{"status":"NO POSITION","cash":100000,"candle":2}}
{"timestamp":"2025-08-18T10:18:52.085Z","level":"market","message":"Price Tick","data":{"price":115111.067221,"tick":29,"currentCandle":2,"activeStrategy":"PRIMARY"}}
{"timestamp":"2025-08-18T10:18:57.101Z","level":"market","message":"Price Tick","data":{"price":115111.067221,"tick":30,"currentCandle":2,"activeStrategy":"PRIMARY"}}
{"timestamp":"2025-08-18T10:19:02.118Z","level":"market","message":"Price Tick","data":{"price":115106.959431,"tick":31,"currentCandle":2,"activeStrategy":"PRIMARY"}}
{"timestamp":"2025-08-18T10:19:07.195Z","level":"market","message":"Price Tick","data":{"price":115107.287274,"tick":32,"currentCandle":2,"activeStrategy":"PRIMARY"}}
{"timestamp":"2025-08-18T10:19:10.428Z","level":"info","message":"========== TRADING STATUS UPDATE ==========","data":{"runtime":"0h 2m","candle":2,"updates":32,"updateRate":"0.2","signals":0,"trades":0,"equity":100000,"dailyPnL":0,"marketRegime":"TRENDING","activeStrategy":"PRIMARY","connectionStatus":"✅ Connected"}}
{"timestamp":"2025-08-18T10:19:10.429Z","level":"info","message":"SUPERTREND RENKO STATUS","data":{"bricks":0,"brickSize":0,"trend":"0 INIT","trendStrength":"0.0","signals":0,"avgConfluence":"0.00","activeStrategy":"ACTIVE"}}
{"timestamp":"2025-08-18T10:19:10.429Z","level":"info","message":"BOLLINGER RENKO STATUS","data":{"bricks":0,"brickSize":0,"trend":"0 INIT","trendStrength":"0.0","signals":0,"bbBounces":0,"activeStrategy":"STANDBY"}}
{"timestamp":"2025-08-18T10:19:10.429Z","level":"info","message":"POSITION STATUS","data":{"status":"NO POSITION","cash":100000,"candle":2}}
{"timestamp":"2025-08-18T10:19:12.210Z","level":"market","message":"Price Tick","data":{"price":115107.287274,"tick":33,"currentCandle":2,"activeStrategy":"PRIMARY"}}
{"timestamp":"2025-08-18T10:19:17.149Z","level":"market","message":"Price Tick","data":{"price":115101.84171,"tick":34,"currentCandle":2,"activeStrategy":"PRIMARY"}}
{"timestamp":"2025-08-18T10:19:22.164Z","level":"market","message":"Price Tick","data":{"price":115101.27777,"tick":35,"currentCandle":2,"activeStrategy":"PRIMARY"}}
{"timestamp":"2025-08-18T10:19:27.263Z","level":"market","message":"Price Tick","data":{"price":115099.71902,"tick":36,"currentCandle":2,"activeStrategy":"PRIMARY"}}
{"timestamp":"2025-08-18T10:19:30.430Z","level":"info","message":"========== TRADING STATUS UPDATE ==========","data":{"runtime":"0h 3m","candle":2,"updates":36,"updateRate":"0.2","signals":0,"trades":0,"equity":100000,"dailyPnL":0,"marketRegime":"TRENDING","activeStrategy":"PRIMARY","connectionStatus":"✅ Connected"}}
{"timestamp":"2025-08-18T10:19:30.433Z","level":"info","message":"SUPERTREND RENKO STATUS","data":{"bricks":0,"brickSize":0,"trend":"0 INIT","trendStrength":"0.0","signals":0,"avgConfluence":"0.00","activeStrategy":"ACTIVE"}}
{"timestamp":"2025-08-18T10:19:30.434Z","level":"info","message":"BOLLINGER RENKO STATUS","data":{"bricks":0,"brickSize":0,"trend":"0 INIT","trendStrength":"0.0","signals":0,"bbBounces":0,"activeStrategy":"STANDBY"}}
{"timestamp":"2025-08-18T10:19:30.434Z","level":"info","message":"POSITION STATUS","data":{"status":"NO POSITION","cash":100000,"candle":2}}
{"timestamp":"2025-08-18T10:19:32.283Z","level":"market","message":"Price Tick","data":{"price":115106.737609,"tick":37,"currentCandle":2,"activeStrategy":"PRIMARY"}}
{"timestamp":"2025-08-18T10:19:32.285Z","level":"info","message":"Candle Completed","data":{"candle":3,"ohlcv":{"timestamp":"2025-08-18T10:18:32.074Z","open":115103,"high":115103,"low":115097,"close":115097,"volume":3588559},"activeStrategy":"PRIMARY","marketRegime":"TRENDING","duration":"60.211s"}}
{"timestamp":"2025-08-18T10:19:37.213Z","level":"market","message":"Price Tick","data":{"price":115114.442617,"tick":38,"currentCandle":3,"activeStrategy":"PRIMARY"}}
{"timestamp":"2025-08-18T10:19:42.217Z","level":"market","message":"Price Tick","data":{"price":115114.442617,"tick":39,"currentCandle":3,"activeStrategy":"PRIMARY"}}
{"timestamp":"2025-08-18T10:19:47.233Z","level":"market","message":"Price Tick","data":{"price":115122.250689,"tick":40,"currentCandle":3,"activeStrategy":"PRIMARY"}}
{"timestamp":"2025-08-18T10:19:50.430Z","level":"info","message":"========== TRADING STATUS UPDATE ==========","data":{"runtime":"0h 3m","candle":3,"updates":40,"updateRate":"0.2","signals":0,"trades":0,"equity":100000,"dailyPnL":0,"marketRegime":"TRENDING","activeStrategy":"PRIMARY","connectionStatus":"✅ Connected"}}
{"timestamp":"2025-08-18T10:19:50.431Z","level":"info","message":"SUPERTREND RENKO STATUS","data":{"bricks":0,"brickSize":0,"trend":"0 INIT","trendStrength":"0.0","signals":0,"avgConfluence":"0.00","activeStrategy":"ACTIVE"}}
{"timestamp":"2025-08-18T10:19:50.431Z","level":"info","message":"BOLLINGER RENKO STATUS","data":{"bricks":0,"brickSize":0,"trend":"0 INIT","trendStrength":"0.0","signals":0,"bbBounces":0,"activeStrategy":"STANDBY"}}
{"timestamp":"2025-08-18T10:19:50.432Z","level":"info","message":"POSITION STATUS","data":{"status":"NO POSITION","cash":100000,"candle":3}}
{"timestamp":"2025-08-18T10:19:52.263Z","level":"market","message":"Price Tick","data":{"price":115125.470858,"tick":41,"currentCandle":3,"activeStrategy":"PRIMARY"}}
{"timestamp":"2025-08-18T10:19:57.369Z","level":"market","message":"Price Tick","data":{"price":115126.216644,"tick":42,"currentCandle":3,"activeStrategy":"PRIMARY"}}
{"timestamp":"2025-08-18T10:20:02.391Z","level":"market","message":"Price Tick","data":{"price":115131.028423,"tick":43,"currentCandle":3,"activeStrategy":"PRIMARY"}}
{"timestamp":"2025-08-18T10:20:07.307Z","level":"market","message":"Price Tick","data":{"price":115134.935288,"tick":44,"currentCandle":3,"activeStrategy":"PRIMARY"}}
{"timestamp":"2025-08-18T10:20:10.431Z","level":"info","message":"========== TRADING STATUS UPDATE ==========","data":{"runtime":"0h 3m","candle":3,"updates":44,"updateRate":"0.2","signals":0,"trades":0,"equity":100000,"dailyPnL":0,"marketRegime":"TRENDING","activeStrategy":"PRIMARY","connectionStatus":"✅ Connected"}}
{"timestamp":"2025-08-18T10:20:10.432Z","level":"info","message":"SUPERTREND RENKO STATUS","data":{"bricks":0,"brickSize":0,"trend":"0 INIT","trendStrength":"0.0","signals":0,"avgConfluence":"0.00","activeStrategy":"ACTIVE"}}
{"timestamp":"2025-08-18T10:20:10.433Z","level":"info","message":"BOLLINGER RENKO STATUS","data":{"bricks":0,"brickSize":0,"trend":"0 INIT","trendStrength":"0.0","signals":0,"bbBounces":0,"activeStrategy":"STANDBY"}}
{"timestamp":"2025-08-18T10:20:10.434Z","level":"info","message":"POSITION STATUS","data":{"status":"NO POSITION","cash":100000,"candle":3}}
{"timestamp":"2025-08-18T10:20:12.315Z","level":"market","message":"Price Tick","data":{"price":115142.4914,"tick":45,"currentCandle":3,"activeStrategy":"PRIMARY"}}
{"timestamp":"2025-08-18T10:20:17.329Z","level":"market","message":"Price Tick","data":{"price":115142.770795,"tick":46,"currentCandle":3,"activeStrategy":"PRIMARY"}}
{"timestamp":"2025-08-18T10:20:22.342Z","level":"market","message":"Price Tick","data":{"price":115145.327431,"tick":47,"currentCandle":3,"activeStrategy":"PRIMARY"}}
{"timestamp":"2025-08-18T10:20:27.373Z","level":"market","message":"Price Tick","data":{"price":115145.327431,"tick":48,"currentCandle":3,"activeStrategy":"PRIMARY"}}
{"timestamp":"2025-08-18T10:20:30.431Z","level":"info","message":"========== TRADING STATUS UPDATE ==========","data":{"runtime":"0h 4m","candle":3,"updates":48,"updateRate":"0.2","signals":0,"trades":0,"equity":100000,"dailyPnL":0,"marketRegime":"TRENDING","activeStrategy":"PRIMARY","connectionStatus":"✅ Connected"}}
{"timestamp":"2025-08-18T10:20:30.432Z","level":"info","message":"SUPERTREND RENKO STATUS","data":{"bricks":0,"brickSize":0,"trend":"0 INIT","trendStrength":"0.0","signals":0,"avgConfluence":"0.00","activeStrategy":"ACTIVE"}}
{"timestamp":"2025-08-18T10:20:30.433Z","level":"info","message":"BOLLINGER RENKO STATUS","data":{"bricks":0,"brickSize":0,"trend":"0 INIT","trendStrength":"0.0","signals":0,"bbBounces":0,"activeStrategy":"STANDBY"}}
{"timestamp":"2025-08-18T10:20:30.433Z","level":"info","message":"POSITION STATUS","data":{"status":"NO POSITION","cash":100000,"candle":3}}
{"timestamp":"2025-08-18T10:20:32.367Z","level":"market","message":"Price Tick","data":{"price":115146.899799,"tick":49,"currentCandle":3,"activeStrategy":"PRIMARY"}}
{"timestamp":"2025-08-18T10:20:32.368Z","level":"info","message":"Candle Completed","data":{"candle":4,"ohlcv":{"timestamp":"2025-08-18T10:19:32.285Z","open":115097,"high":115148.5,"low":115097,"close":115148.5,"volume":3588559},"activeStrategy":"PRIMARY","marketRegime":"TRENDING","duration":"60.083s"}}
{"timestamp":"2025-08-18T10:20:37.511Z","level":"market","message":"Price Tick","data":{"price":115143.149122,"tick":50,"currentCandle":4,"activeStrategy":"PRIMARY"}}
{"timestamp":"2025-08-18T10:20:42.397Z","level":"market","message":"Price Tick","data":{"price":115150.43706,"tick":51,"currentCandle":4,"activeStrategy":"PRIMARY"}}
{"timestamp":"2025-08-18T10:20:47.413Z","level":"market","message":"Price Tick","data":{"price":115166.445281,"tick":52,"currentCandle":4,"activeStrategy":"PRIMARY"}}
{"timestamp":"2025-08-18T10:20:50.432Z","level":"info","message":"========== TRADING STATUS UPDATE ==========","data":{"runtime":"0h 4m","candle":4,"updates":52,"updateRate":"0.2","signals":0,"trades":0,"equity":100000,"dailyPnL":0,"marketRegime":"TRENDING","activeStrategy":"PRIMARY","connectionStatus":"✅ Connected"}}
{"timestamp":"2025-08-18T10:20:50.434Z","level":"info","message":"SUPERTREND RENKO STATUS","data":{"bricks":0,"brickSize":0,"trend":"0 INIT","trendStrength":"0.0","signals":0,"avgConfluence":"0.00","activeStrategy":"ACTIVE"}}
{"timestamp":"2025-08-18T10:20:50.435Z","level":"info","message":"BOLLINGER RENKO STATUS","data":{"bricks":0,"brickSize":0,"trend":"0 INIT","trendStrength":"0.0","signals":0,"bbBounces":0,"activeStrategy":"STANDBY"}}
{"timestamp":"2025-08-18T10:20:50.436Z","level":"info","message":"POSITION STATUS","data":{"status":"NO POSITION","cash":100000,"candle":4}}
{"timestamp":"2025-08-18T10:20:52.453Z","level":"market","message":"Price Tick","data":{"price":115181.006138,"tick":53,"currentCandle":4,"activeStrategy":"PRIMARY"}}
{"timestamp":"2025-08-18T10:20:57.473Z","level":"market","message":"Price Tick","data":{"price":115178.114745,"tick":54,"currentCandle":4,"activeStrategy":"PRIMARY"}}
{"timestamp":"2025-08-18T10:21:02.482Z","level":"market","message":"Price Tick","data":{"price":115167.038498,"tick":55,"currentCandle":4,"activeStrategy":"PRIMARY"}}
{"timestamp":"2025-08-18T10:21:07.515Z","level":"market","message":"Price Tick","data":{"price":115173.886695,"tick":56,"currentCandle":4,"activeStrategy":"PRIMARY"}}
{"timestamp":"2025-08-18T10:21:10.433Z","level":"info","message":"========== TRADING STATUS UPDATE ==========","data":{"runtime":"0h 4m","candle":4,"updates":56,"updateRate":"0.2","signals":0,"trades":0,"equity":100000,"dailyPnL":0,"marketRegime":"TRENDING","activeStrategy":"PRIMARY","connectionStatus":"✅ Connected"}}
{"timestamp":"2025-08-18T10:21:10.435Z","level":"info","message":"SUPERTREND RENKO STATUS","data":{"bricks":0,"brickSize":0,"trend":"0 INIT","trendStrength":"0.0","signals":0,"avgConfluence":"0.00","activeStrategy":"ACTIVE"}}
{"timestamp":"2025-08-18T10:21:10.436Z","level":"info","message":"BOLLINGER RENKO STATUS","data":{"bricks":0,"brickSize":0,"trend":"0 INIT","trendStrength":"0.0","signals":0,"bbBounces":0,"activeStrategy":"STANDBY"}}
{"timestamp":"2025-08-18T10:21:10.436Z","level":"info","message":"POSITION STATUS","data":{"status":"NO POSITION","cash":100000,"candle":4}}
{"timestamp":"2025-08-18T10:21:12.512Z","level":"market","message":"Price Tick","data":{"price":115173.886695,"tick":57,"currentCandle":4,"activeStrategy":"PRIMARY"}}
{"timestamp":"2025-08-18T10:21:17.550Z","level":"market","message":"Price Tick","data":{"price":115175.997863,"tick":58,"currentCandle":4,"activeStrategy":"PRIMARY"}}
{"timestamp":"2025-08-18T10:21:22.567Z","level":"market","message":"Price Tick","data":{"price":115179.680894,"tick":59,"currentCandle":4,"activeStrategy":"PRIMARY"}}
{"timestamp":"2025-08-18T10:21:27.584Z","level":"market","message":"Price Tick","data":{"price":115179.680894,"tick":60,"currentCandle":4,"activeStrategy":"PRIMARY"}}
{"timestamp":"2025-08-18T10:21:30.434Z","level":"info","message":"========== TRADING STATUS UPDATE ==========","data":{"runtime":"0h 5m","candle":4,"updates":60,"updateRate":"0.2","signals":0,"trades":0,"equity":100000,"dailyPnL":0,"marketRegime":"TRENDING","activeStrategy":"PRIMARY","connectionStatus":"✅ Connected"}}
{"timestamp":"2025-08-18T10:21:30.435Z","level":"info","message":"SUPERTREND RENKO STATUS","data":{"bricks":0,"brickSize":0,"trend":"0 INIT","trendStrength":"0.0","signals":0,"avgConfluence":"0.00","activeStrategy":"ACTIVE"}}
{"timestamp":"2025-08-18T10:21:30.436Z","level":"info","message":"BOLLINGER RENKO STATUS","data":{"bricks":0,"brickSize":0,"trend":"0 INIT","trendStrength":"0.0","signals":0,"bbBounces":0,"activeStrategy":"STANDBY"}}
{"timestamp":"2025-08-18T10:21:30.436Z","level":"info","message":"POSITION STATUS","data":{"status":"NO POSITION","cash":100000,"candle":4}}
{"timestamp":"2025-08-18T10:21:32.601Z","level":"market","message":"Price Tick","data":{"price":115194.023753,"tick":61,"currentCandle":4,"activeStrategy":"PRIMARY"}}
{"timestamp":"2025-08-18T10:21:32.602Z","level":"info","message":"Candle Completed","data":{"candle":5,"ohlcv":{"timestamp":"2025-08-18T10:20:32.368Z","open":115148.5,"high":115193.5,"low":115148.5,"close":115193.5,"volume":3588559},"activeStrategy":"PRIMARY","marketRegime":"TRENDING","duration":"60.234s"}}
{"timestamp":"2025-08-18T10:21:37.590Z","level":"market","message":"Price Tick","data":{"price":115196.105609,"tick":62,"currentCandle":5,"activeStrategy":"PRIMARY"}}
{"timestamp":"2025-08-18T10:21:42.638Z","level":"market","message":"Price Tick","data":{"price":115186.743853,"tick":63,"currentCandle":5,"activeStrategy":"PRIMARY"}}
{"timestamp":"2025-08-18T10:21:47.655Z","level":"market","message":"Price Tick","data":{"price":115187.935788,"tick":64,"currentCandle":5,"activeStrategy":"PRIMARY"}}
{"timestamp":"2025-08-18T10:21:50.435Z","level":"info","message":"========== TRADING STATUS UPDATE ==========","data":{"runtime":"0h 5m","candle":5,"updates":64,"updateRate":"0.2","signals":0,"trades":0,"equity":100000,"dailyPnL":0,"marketRegime":"TRENDING","activeStrategy":"PRIMARY","connectionStatus":"✅ Connected"}}
{"timestamp":"2025-08-18T10:21:50.435Z","level":"info","message":"SUPERTREND RENKO STATUS","data":{"bricks":0,"brickSize":0,"trend":"0 INIT","trendStrength":"0.0","signals":0,"avgConfluence":"0.00","activeStrategy":"ACTIVE"}}
{"timestamp":"2025-08-18T10:21:50.436Z","level":"info","message":"BOLLINGER RENKO STATUS","data":{"bricks":0,"brickSize":0,"trend":"0 INIT","trendStrength":"0.0","signals":0,"bbBounces":0,"activeStrategy":"STANDBY"}}
{"timestamp":"2025-08-18T10:21:50.436Z","level":"info","message":"POSITION STATUS","data":{"status":"NO POSITION","cash":100000,"candle":5}}
{"timestamp":"2025-08-18T10:21:52.672Z","level":"market","message":"Price Tick","data":{"price":115192.883441,"tick":65,"currentCandle":5,"activeStrategy":"PRIMARY"}}
{"timestamp":"2025-08-18T10:21:57.694Z","level":"market","message":"Price Tick","data":{"price":115198.504127,"tick":66,"currentCandle":5,"activeStrategy":"PRIMARY"}}
{"timestamp":"2025-08-18T10:22:02.709Z","level":"market","message":"Price Tick","data":{"price":115198.504127,"tick":67,"currentCandle":5,"activeStrategy":"PRIMARY"}}
{"timestamp":"2025-08-18T10:22:07.726Z","level":"market","message":"Price Tick","data":{"price":115195.137735,"tick":68,"currentCandle":5,"activeStrategy":"PRIMARY"}}
{"timestamp":"2025-08-18T10:22:10.436Z","level":"info","message":"========== TRADING STATUS UPDATE ==========","data":{"runtime":"0h 5m","candle":5,"updates":68,"updateRate":"0.2","signals":0,"trades":0,"equity":100000,"dailyPnL":0,"marketRegime":"TRENDING","activeStrategy":"PRIMARY","connectionStatus":"✅ Connected"}}
{"timestamp":"2025-08-18T10:22:10.438Z","level":"info","message":"SUPERTREND RENKO STATUS","data":{"bricks":0,"brickSize":0,"trend":"0 INIT","trendStrength":"0.0","signals":0,"avgConfluence":"0.00","activeStrategy":"ACTIVE"}}
{"timestamp":"2025-08-18T10:22:10.439Z","level":"info","message":"BOLLINGER RENKO STATUS","data":{"bricks":0,"brickSize":0,"trend":"0 INIT","trendStrength":"0.0","signals":0,"bbBounces":0,"activeStrategy":"STANDBY"}}
{"timestamp":"2025-08-18T10:22:10.440Z","level":"info","message":"POSITION STATUS","data":{"status":"NO POSITION","cash":100000,"candle":5}}
{"timestamp":"2025-08-18T10:22:12.705Z","level":"market","message":"Price Tick","data":{"price":115195.228196,"tick":69,"currentCandle":5,"activeStrategy":"PRIMARY"}}
{"timestamp":"2025-08-18T10:22:17.762Z","level":"market","message":"Price Tick","data":{"price":115188.712176,"tick":70,"currentCandle":5,"activeStrategy":"PRIMARY"}}
{"timestamp":"2025-08-18T10:22:22.741Z","level":"market","message":"Price Tick","data":{"price":115182.562548,"tick":71,"currentCandle":5,"activeStrategy":"PRIMARY"}}
{"timestamp":"2025-08-18T10:22:27.797Z","level":"market","message":"Price Tick","data":{"price":115182.562548,"tick":72,"currentCandle":5,"activeStrategy":"PRIMARY"}}
{"timestamp":"2025-08-18T10:22:30.437Z","level":"info","message":"========== TRADING STATUS UPDATE ==========","data":{"runtime":"0h 6m","candle":5,"updates":72,"updateRate":"0.2","signals":0,"trades":0,"equity":100000,"dailyPnL":0,"marketRegime":"TRENDING","activeStrategy":"PRIMARY","connectionStatus":"✅ Connected"}}
{"timestamp":"2025-08-18T10:22:30.439Z","level":"info","message":"SUPERTREND RENKO STATUS","data":{"bricks":0,"brickSize":0,"trend":"0 INIT","trendStrength":"0.0","signals":0,"avgConfluence":"0.00","activeStrategy":"ACTIVE"}}
{"timestamp":"2025-08-18T10:22:30.439Z","level":"info","message":"BOLLINGER RENKO STATUS","data":{"bricks":0,"brickSize":0,"trend":"0 INIT","trendStrength":"0.0","signals":0,"bbBounces":0,"activeStrategy":"STANDBY"}}
{"timestamp":"2025-08-18T10:22:30.440Z","level":"info","message":"POSITION STATUS","data":{"status":"NO POSITION","cash":100000,"candle":5}}
{"timestamp":"2025-08-18T10:22:32.814Z","level":"market","message":"Price Tick","data":{"price":115194.22644,"tick":73,"currentCandle":5,"activeStrategy":"PRIMARY"}}
{"timestamp":"2025-08-18T10:22:32.815Z","level":"info","message":"Candle Completed","data":{"candle":6,"ohlcv":{"timestamp":"2025-08-18T10:21:32.602Z","open":115193.5,"high":115195.5,"low":115178,"close":115178,"volume":3588559},"activeStrategy":"PRIMARY","marketRegime":"TRENDING","duration":"60.213s"}}
{"timestamp":"2025-08-18T10:22:37.831Z","level":"market","message":"Price Tick","data":{"price":115196.440636,"tick":74,"currentCandle":6,"activeStrategy":"PRIMARY"}}
{"timestamp":"2025-08-18T10:22:42.848Z","level":"market","message":"Price Tick","data":{"price":115196.440636,"tick":75,"currentCandle":6,"activeStrategy":"PRIMARY"}}
{"timestamp":"2025-08-18T10:22:47.810Z","level":"market","message":"Price Tick","data":{"price":115196.62788,"tick":76,"currentCandle":6,"activeStrategy":"PRIMARY"}}
{"timestamp":"2025-08-18T10:22:50.438Z","level":"info","message":"========== TRADING STATUS UPDATE ==========","data":{"runtime":"0h 6m","candle":6,"updates":76,"updateRate":"0.2","signals":0,"trades":0,"equity":100000,"dailyPnL":0,"marketRegime":"TRENDING","activeStrategy":"PRIMARY","connectionStatus":"✅ Connected"}}
{"timestamp":"2025-08-18T10:22:50.439Z","level":"info","message":"SUPERTREND RENKO STATUS","data":{"bricks":0,"brickSize":0,"trend":"0 INIT","trendStrength":"0.0","signals":0,"avgConfluence":"0.00","activeStrategy":"ACTIVE"}}
{"timestamp":"2025-08-18T10:22:50.440Z","level":"info","message":"BOLLINGER RENKO STATUS","data":{"bricks":0,"brickSize":0,"trend":"0 INIT","trendStrength":"0.0","signals":0,"bbBounces":0,"activeStrategy":"STANDBY"}}
{"timestamp":"2025-08-18T10:22:50.441Z","level":"info","message":"POSITION STATUS","data":{"status":"NO POSITION","cash":100000,"candle":6}}
{"timestamp":"2025-08-18T10:22:52.833Z","level":"market","message":"Price Tick","data":{"price":115197.139661,"tick":77,"currentCandle":6,"activeStrategy":"PRIMARY"}}
{"timestamp":"2025-08-18T10:22:57.852Z","level":"market","message":"Price Tick","data":{"price":115201.900448,"tick":78,"currentCandle":6,"activeStrategy":"PRIMARY"}}
{"timestamp":"2025-08-18T10:23:02.924Z","level":"market","message":"Price Tick","data":{"price":115201.671625,"tick":79,"currentCandle":6,"activeStrategy":"PRIMARY"}}
{"timestamp":"2025-08-18T10:23:07.937Z","level":"market","message":"Price Tick","data":{"price":115213.412206,"tick":80,"currentCandle":6,"activeStrategy":"PRIMARY"}}
{"timestamp":"2025-08-18T10:23:10.439Z","level":"info","message":"========== TRADING STATUS UPDATE ==========","data":{"runtime":"0h 6m","candle":6,"updates":80,"updateRate":"0.2","signals":0,"trades":0,"equity":100000,"dailyPnL":0,"marketRegime":"TRENDING","activeStrategy":"PRIMARY","connectionStatus":"✅ Connected"}}
{"timestamp":"2025-08-18T10:23:10.442Z","level":"info","message":"SUPERTREND RENKO STATUS","data":{"bricks":0,"brickSize":0,"trend":"0 INIT","trendStrength":"0.0","signals":0,"avgConfluence":"0.00","activeStrategy":"ACTIVE"}}
{"timestamp":"2025-08-18T10:23:10.442Z","level":"info","message":"BOLLINGER RENKO STATUS","data":{"bricks":0,"brickSize":0,"trend":"0 INIT","trendStrength":"0.0","signals":0,"bbBounces":0,"activeStrategy":"STANDBY"}}
{"timestamp":"2025-08-18T10:23:10.443Z","level":"info","message":"POSITION STATUS","data":{"status":"NO POSITION","cash":100000,"candle":6}}
{"timestamp":"2025-08-18T10:23:12.893Z","level":"market","message":"Price Tick","data":{"price":115210.019052,"tick":81,"currentCandle":6,"activeStrategy":"PRIMARY"}}
{"timestamp":"2025-08-18T10:23:17.915Z","level":"market","message":"Price Tick","data":{"price":115216.988758,"tick":82,"currentCandle":6,"activeStrategy":"PRIMARY"}}
{"timestamp":"2025-08-18T10:23:22.994Z","level":"market","message":"Price Tick","data":{"price":115214.415595,"tick":83,"currentCandle":6,"activeStrategy":"PRIMARY"}}
{"timestamp":"2025-08-18T10:23:27.939Z","level":"market","message":"Price Tick","data":{"price":115214.415595,"tick":84,"currentCandle":6,"activeStrategy":"PRIMARY"}}
{"timestamp":"2025-08-18T10:23:30.439Z","level":"info","message":"========== TRADING STATUS UPDATE ==========","data":{"runtime":"0h 7m","candle":6,"updates":84,"updateRate":"0.2","signals":0,"trades":0,"equity":100000,"dailyPnL":0,"marketRegime":"TRENDING","activeStrategy":"PRIMARY","connectionStatus":"✅ Connected"}}
{"timestamp":"2025-08-18T10:23:30.441Z","level":"info","message":"SUPERTREND RENKO STATUS","data":{"bricks":0,"brickSize":0,"trend":"0 INIT","trendStrength":"0.0","signals":0,"avgConfluence":"0.00","activeStrategy":"ACTIVE"}}
{"timestamp":"2025-08-18T10:23:30.442Z","level":"info","message":"BOLLINGER RENKO STATUS","data":{"bricks":0,"brickSize":0,"trend":"0 INIT","trendStrength":"0.0","signals":0,"bbBounces":0,"activeStrategy":"STANDBY"}}
{"timestamp":"2025-08-18T10:23:30.442Z","level":"info","message":"POSITION STATUS","data":{"status":"NO POSITION","cash":100000,"candle":6}}
{"timestamp":"2025-08-18T10:23:32.950Z","level":"market","message":"Price Tick","data":{"price":115214.415595,"tick":85,"currentCandle":6,"activeStrategy":"PRIMARY"}}
{"timestamp":"2025-08-18T10:23:32.950Z","level":"info","message":"Candle Completed","data":{"candle":7,"ohlcv":{"timestamp":"2025-08-18T10:22:32.815Z","open":115178,"high":115208,"low":115178,"close":115208,"volume":3592183},"activeStrategy":"PRIMARY","marketRegime":"TRENDING","duration":"60.135s"}}
{"timestamp":"2025-08-18T10:23:37.970Z","level":"market","message":"Price Tick","data":{"price":115226.944155,"tick":86,"currentCandle":7,"activeStrategy":"PRIMARY"}}
{"timestamp":"2025-08-18T10:23:42.976Z","level":"market","message":"Price Tick","data":{"price":115228.127876,"tick":87,"currentCandle":7,"activeStrategy":"PRIMARY"}}
{"timestamp":"2025-08-18T10:23:47.996Z","level":"market","message":"Price Tick","data":{"price":115237.69268,"tick":88,"currentCandle":7,"activeStrategy":"PRIMARY"}}
{"timestamp":"2025-08-18T10:23:50.441Z","level":"info","message":"========== TRADING STATUS UPDATE ==========","data":{"runtime":"0h 7m","candle":7,"updates":88,"updateRate":"0.2","signals":0,"trades":0,"equity":100000,"dailyPnL":0,"marketRegime":"TRENDING","activeStrategy":"PRIMARY","connectionStatus":"✅ Connected"}}
{"timestamp":"2025-08-18T10:23:50.442Z","level":"info","message":"SUPERTREND RENKO STATUS","data":{"bricks":0,"brickSize":0,"trend":"0 INIT","trendStrength":"0.0","signals":0,"avgConfluence":"0.00","activeStrategy":"ACTIVE"}}
{"timestamp":"2025-08-18T10:23:50.442Z","level":"info","message":"BOLLINGER RENKO STATUS","data":{"bricks":0,"brickSize":0,"trend":"0 INIT","trendStrength":"0.0","signals":0,"bbBounces":0,"activeStrategy":"STANDBY"}}
{"timestamp":"2025-08-18T10:23:50.442Z","level":"info","message":"POSITION STATUS","data":{"status":"NO POSITION","cash":100000,"candle":7}}
{"timestamp":"2025-08-18T10:23:53.032Z","level":"market","message":"Price Tick","data":{"price":115245.009577,"tick":89,"currentCandle":7,"activeStrategy":"PRIMARY"}}
{"timestamp":"2025-08-18T10:23:58.046Z","level":"market","message":"Price Tick","data":{"price":115247.798337,"tick":90,"currentCandle":7,"activeStrategy":"PRIMARY"}}
{"timestamp":"2025-08-18T10:24:03.052Z","level":"market","message":"Price Tick","data":{"price":115271.347386,"tick":91,"currentCandle":7,"activeStrategy":"PRIMARY"}}
{"timestamp":"2025-08-18T10:24:08.077Z","level":"market","message":"Price Tick","data":{"price":115272.041308,"tick":92,"currentCandle":7,"activeStrategy":"PRIMARY"}}
{"timestamp":"2025-08-18T10:24:10.441Z","level":"info","message":"========== TRADING STATUS UPDATE ==========","data":{"runtime":"0h 7m","candle":7,"updates":92,"updateRate":"0.2","signals":0,"trades":0,"equity":100000,"dailyPnL":0,"marketRegime":"TRENDING","activeStrategy":"PRIMARY","connectionStatus":"✅ Connected"}}
{"timestamp":"2025-08-18T10:24:10.443Z","level":"info","message":"SUPERTREND RENKO STATUS","data":{"bricks":0,"brickSize":0,"trend":"0 INIT","trendStrength":"0.0","signals":0,"avgConfluence":"0.00","activeStrategy":"ACTIVE"}}
{"timestamp":"2025-08-18T10:24:10.443Z","level":"info","message":"BOLLINGER RENKO STATUS","data":{"bricks":0,"brickSize":0,"trend":"0 INIT","trendStrength":"0.0","signals":0,"bbBounces":0,"activeStrategy":"STANDBY"}}
{"timestamp":"2025-08-18T10:24:10.443Z","level":"info","message":"POSITION STATUS","data":{"status":"NO POSITION","cash":100000,"candle":7}}
{"timestamp":"2025-08-18T10:24:13.083Z","level":"market","message":"Price Tick","data":{"price":115265.8808,"tick":93,"currentCandle":7,"activeStrategy":"PRIMARY"}}
{"timestamp":"2025-08-18T10:24:18.095Z","level":"market","message":"Price Tick","data":{"price":115257.86974,"tick":94,"currentCandle":7,"activeStrategy":"PRIMARY"}}
{"timestamp":"2025-08-18T10:24:23.107Z","level":"market","message":"Price Tick","data":{"price":115257.86974,"tick":95,"currentCandle":7,"activeStrategy":"PRIMARY"}}
{"timestamp":"2025-08-18T10:24:28.125Z","level":"market","message":"Price Tick","data":{"price":115266.617147,"tick":96,"currentCandle":7,"activeStrategy":"PRIMARY"}}
{"timestamp":"2025-08-18T10:24:30.443Z","level":"info","message":"========== TRADING STATUS UPDATE ==========","data":{"runtime":"0h 8m","candle":7,"updates":96,"updateRate":"0.2","signals":0,"trades":0,"equity":100000,"dailyPnL":0,"marketRegime":"TRENDING","activeStrategy":"PRIMARY","connectionStatus":"✅ Connected"}}
{"timestamp":"2025-08-18T10:24:30.443Z","level":"info","message":"SUPERTREND RENKO STATUS","data":{"bricks":0,"brickSize":0,"trend":"0 INIT","trendStrength":"0.0","signals":0,"avgConfluence":"0.00","activeStrategy":"ACTIVE"}}
{"timestamp":"2025-08-18T10:24:30.443Z","level":"info","message":"BOLLINGER RENKO STATUS","data":{"bricks":0,"brickSize":0,"trend":"0 INIT","trendStrength":"0.0","signals":0,"bbBounces":0,"activeStrategy":"STANDBY"}}
{"timestamp":"2025-08-18T10:24:30.443Z","level":"info","message":"POSITION STATUS","data":{"status":"NO POSITION","cash":100000,"candle":7}}
{"timestamp":"2025-08-18T10:24:33.136Z","level":"market","message":"Price Tick","data":{"price":115272.815567,"tick":97,"currentCandle":7,"activeStrategy":"PRIMARY"}}
{"timestamp":"2025-08-18T10:24:33.137Z","level":"info","message":"Candle Completed","data":{"candle":8,"ohlcv":{"timestamp":"2025-08-18T10:23:32.950Z","open":115208,"high":115261.5,"low":115208,"close":115261.5,"volume":3596411},"activeStrategy":"PRIMARY","marketRegime":"TRENDING","duration":"60.187s"}}
{"timestamp":"2025-08-18T10:24:38.152Z","level":"market","message":"Price Tick","data":{"price":115273.70151,"tick":98,"currentCandle":8,"activeStrategy":"PRIMARY"}}
{"timestamp":"2025-08-18T10:24:43.166Z","level":"market","message":"Price Tick","data":{"price":115273.929596,"tick":99,"currentCandle":8,"activeStrategy":"PRIMARY"}}
{"timestamp":"2025-08-18T10:24:48.183Z","level":"market","message":"Price Tick","data":{"price":115267.442248,"tick":100,"currentCandle":8,"activeStrategy":"PRIMARY"}}
{"timestamp":"2025-08-18T10:24:50.443Z","level":"info","message":"========== TRADING STATUS UPDATE ==========","data":{"runtime":"0h 8m","candle":8,"updates":100,"updateRate":"0.2","signals":0,"trades":0,"equity":100000,"dailyPnL":0,"marketRegime":"TRENDING","activeStrategy":"PRIMARY","connectionStatus":"✅ Connected"}}
{"timestamp":"2025-08-18T10:24:50.444Z","level":"info","message":"SUPERTREND RENKO STATUS","data":{"bricks":0,"brickSize":0,"trend":"0 INIT","trendStrength":"0.0","signals":0,"avgConfluence":"0.00","activeStrategy":"ACTIVE"}}
{"timestamp":"2025-08-18T10:24:50.444Z","level":"info","message":"BOLLINGER RENKO STATUS","data":{"bricks":0,"brickSize":0,"trend":"0 INIT","trendStrength":"0.0","signals":0,"bbBounces":0,"activeStrategy":"STANDBY"}}
{"timestamp":"2025-08-18T10:24:50.444Z","level":"info","message":"POSITION STATUS","data":{"status":"NO POSITION","cash":100000,"candle":8}}
{"timestamp":"2025-08-18T10:24:53.203Z","level":"market","message":"Price Tick","data":{"price":115259.556962,"tick":101,"currentCandle":8,"activeStrategy":"PRIMARY"}}
{"timestamp":"2025-08-18T10:24:58.220Z","level":"market","message":"Price Tick","data":{"price":115273.654015,"tick":102,"currentCandle":8,"activeStrategy":"PRIMARY"}}
{"timestamp":"2025-08-18T10:25:03.242Z","level":"market","message":"Price Tick","data":{"price":115271.021213,"tick":103,"currentCandle":8,"activeStrategy":"PRIMARY"}}
{"timestamp":"2025-08-18T10:25:08.257Z","level":"market","message":"Price Tick","data":{"price":115271.021213,"tick":104,"currentCandle":8,"activeStrategy":"PRIMARY"}}
{"timestamp":"2025-08-18T10:25:10.445Z","level":"info","message":"========== TRADING STATUS UPDATE ==========","data":{"runtime":"0h 8m","candle":8,"updates":104,"updateRate":"0.2","signals":0,"trades":0,"equity":100000,"dailyPnL":0,"marketRegime":"TRENDING","activeStrategy":"PRIMARY","connectionStatus":"✅ Connected"}}
{"timestamp":"2025-08-18T10:25:10.445Z","level":"info","message":"SUPERTREND RENKO STATUS","data":{"bricks":0,"brickSize":0,"trend":"0 INIT","trendStrength":"0.0","signals":0,"avgConfluence":"0.00","activeStrategy":"ACTIVE"}}
{"timestamp":"2025-08-18T10:25:10.445Z","level":"info","message":"BOLLINGER RENKO STATUS","data":{"bricks":0,"brickSize":0,"trend":"0 INIT","trendStrength":"0.0","signals":0,"bbBounces":0,"activeStrategy":"STANDBY"}}
{"timestamp":"2025-08-18T10:25:10.445Z","level":"info","message":"POSITION STATUS","data":{"status":"NO POSITION","cash":100000,"candle":8}}
{"timestamp":"2025-08-18T10:25:13.280Z","level":"market","message":"Price Tick","data":{"price":115271.021213,"tick":105,"currentCandle":8,"activeStrategy":"PRIMARY"}}
{"timestamp":"2025-08-18T10:25:18.274Z","level":"market","message":"Price Tick","data":{"price":115264.458558,"tick":106,"currentCandle":8,"activeStrategy":"PRIMARY"}}
{"timestamp":"2025-08-18T10:25:23.287Z","level":"market","message":"Price Tick","data":{"price":115267.390453,"tick":107,"currentCandle":8,"activeStrategy":"PRIMARY"}}
{"timestamp":"2025-08-18T10:25:28.303Z","level":"market","message":"Price Tick","data":{"price":115266.268537,"tick":108,"currentCandle":8,"activeStrategy":"PRIMARY"}}
{"timestamp":"2025-08-18T10:25:30.446Z","level":"info","message":"========== TRADING STATUS UPDATE ==========","data":{"runtime":"0h 9m","candle":8,"updates":108,"updateRate":"0.2","signals":0,"trades":0,"equity":100000,"dailyPnL":0,"marketRegime":"TRENDING","activeStrategy":"PRIMARY","connectionStatus":"✅ Connected"}}
{"timestamp":"2025-08-18T10:25:30.448Z","level":"info","message":"SUPERTREND RENKO STATUS","data":{"bricks":0,"brickSize":0,"trend":"0 INIT","trendStrength":"0.0","signals":0,"avgConfluence":"0.00","activeStrategy":"ACTIVE"}}
{"timestamp":"2025-08-18T10:25:30.448Z","level":"info","message":"BOLLINGER RENKO STATUS","data":{"bricks":0,"brickSize":0,"trend":"0 INIT","trendStrength":"0.0","signals":0,"bbBounces":0,"activeStrategy":"STANDBY"}}
{"timestamp":"2025-08-18T10:25:30.449Z","level":"info","message":"POSITION STATUS","data":{"status":"NO POSITION","cash":100000,"candle":8}}
{"timestamp":"2025-08-18T10:25:33.346Z","level":"market","message":"Price Tick","data":{"price":115260.204833,"tick":109,"currentCandle":8,"activeStrategy":"PRIMARY"}}
{"timestamp":"2025-08-18T10:25:33.347Z","level":"info","message":"Candle Completed","data":{"candle":9,"ohlcv":{"timestamp":"2025-08-18T10:24:33.137Z","open":115261.5,"high":115262,"low":115261.5,"close":115262,"volume":3596411},"activeStrategy":"PRIMARY","marketRegime":"TRENDING","duration":"60.21s"}}
{"timestamp":"2025-08-18T10:25:38.365Z","level":"market","message":"Price Tick","data":{"price":115254.88409,"tick":110,"currentCandle":9,"activeStrategy":"PRIMARY"}}
{"timestamp":"2025-08-18T10:25:43.332Z","level":"market","message":"Price Tick","data":{"price":115248.838399,"tick":111,"currentCandle":9,"activeStrategy":"PRIMARY"}}
{"timestamp":"2025-08-18T10:25:48.351Z","level":"market","message":"Price Tick","data":{"price":115248.838399,"tick":112,"currentCandle":9,"activeStrategy":"PRIMARY"}}
{"timestamp":"2025-08-18T10:25:50.447Z","level":"info","message":"========== TRADING STATUS UPDATE ==========","data":{"runtime":"0h 9m","candle":9,"updates":112,"updateRate":"0.2","signals":0,"trades":0,"equity":100000,"dailyPnL":0,"marketRegime":"TRENDING","activeStrategy":"PRIMARY","connectionStatus":"✅ Connected"}}
{"timestamp":"2025-08-18T10:25:50.448Z","level":"info","message":"SUPERTREND RENKO STATUS","data":{"bricks":0,"brickSize":0,"trend":"0 INIT","trendStrength":"0.0","signals":0,"avgConfluence":"0.00","activeStrategy":"ACTIVE"}}
{"timestamp":"2025-08-18T10:25:50.449Z","level":"info","message":"BOLLINGER RENKO STATUS","data":{"bricks":0,"brickSize":0,"trend":"0 INIT","trendStrength":"0.0","signals":0,"bbBounces":0,"activeStrategy":"STANDBY"}}
{"timestamp":"2025-08-18T10:25:50.449Z","level":"info","message":"POSITION STATUS","data":{"status":"NO POSITION","cash":100000,"candle":9}}
{"timestamp":"2025-08-18T10:25:53.416Z","level":"market","message":"Price Tick","data":{"price":115220.56497,"tick":113,"currentCandle":9,"activeStrategy":"PRIMARY"}}
{"timestamp":"2025-08-18T10:25:58.396Z","level":"market","message":"Price Tick","data":{"price":115208.967623,"tick":114,"currentCandle":9,"activeStrategy":"PRIMARY"}}
{"timestamp":"2025-08-18T10:26:03.408Z","level":"market","message":"Price Tick","data":{"price":115208.967623,"tick":115,"currentCandle":9,"activeStrategy":"PRIMARY"}}
{"timestamp":"2025-08-18T10:26:08.469Z","level":"market","message":"Price Tick","data":{"price":115205.727056,"tick":116,"currentCandle":9,"activeStrategy":"PRIMARY"}}
{"timestamp":"2025-08-18T10:26:10.448Z","level":"info","message":"========== TRADING STATUS UPDATE ==========","data":{"runtime":"0h 9m","candle":9,"updates":116,"updateRate":"0.2","signals":0,"trades":0,"equity":100000,"dailyPnL":0,"marketRegime":"TRENDING","activeStrategy":"PRIMARY","connectionStatus":"✅ Connected"}}
{"timestamp":"2025-08-18T10:26:10.450Z","level":"info","message":"SUPERTREND RENKO STATUS","data":{"bricks":0,"brickSize":0,"trend":"0 INIT","trendStrength":"0.0","signals":0,"avgConfluence":"0.00","activeStrategy":"ACTIVE"}}
{"timestamp":"2025-08-18T10:26:10.450Z","level":"info","message":"BOLLINGER RENKO STATUS","data":{"bricks":0,"brickSize":0,"trend":"0 INIT","trendStrength":"0.0","signals":0,"bbBounces":0,"activeStrategy":"STANDBY"}}
{"timestamp":"2025-08-18T10:26:10.451Z","level":"info","message":"POSITION STATUS","data":{"status":"NO POSITION","cash":100000,"candle":9}}
{"timestamp":"2025-08-18T10:26:13.433Z","level":"market","message":"Price Tick","data":{"price":115203.639591,"tick":117,"currentCandle":9,"activeStrategy":"PRIMARY"}}
{"timestamp":"2025-08-18T10:26:18.449Z","level":"market","message":"Price Tick","data":{"price":115205.699248,"tick":118,"currentCandle":9,"activeStrategy":"PRIMARY"}}
{"timestamp":"2025-08-18T10:26:23.457Z","level":"market","message":"Price Tick","data":{"price":115212.430824,"tick":119,"currentCandle":9,"activeStrategy":"PRIMARY"}}
{"timestamp":"2025-08-18T10:26:28.473Z","level":"market","message":"Price Tick","data":{"price":115212.510585,"tick":120,"currentCandle":9,"activeStrategy":"PRIMARY"}}
{"timestamp":"2025-08-18T10:26:30.449Z","level":"info","message":"========== TRADING STATUS UPDATE ==========","data":{"runtime":"0h 10m","candle":9,"updates":120,"updateRate":"0.2","signals":0,"trades":0,"equity":100000,"dailyPnL":0,"marketRegime":"TRENDING","activeStrategy":"PRIMARY","connectionStatus":"✅ Connected"}}
{"timestamp":"2025-08-18T10:26:30.450Z","level":"info","message":"SUPERTREND RENKO STATUS","data":{"bricks":0,"brickSize":0,"trend":"0 INIT","trendStrength":"0.0","signals":0,"avgConfluence":"0.00","activeStrategy":"ACTIVE"}}
{"timestamp":"2025-08-18T10:26:30.450Z","level":"info","message":"BOLLINGER RENKO STATUS","data":{"bricks":0,"brickSize":0,"trend":"0 INIT","trendStrength":"0.0","signals":0,"bbBounces":0,"activeStrategy":"STANDBY"}}
{"timestamp":"2025-08-18T10:26:30.450Z","level":"info","message":"POSITION STATUS","data":{"status":"NO POSITION","cash":100000,"candle":9}}
{"timestamp":"2025-08-18T10:26:33.557Z","level":"market","message":"Price Tick","data":{"price":115210.654872,"tick":121,"currentCandle":9,"activeStrategy":"PRIMARY"}}
{"timestamp":"2025-08-18T10:26:33.558Z","level":"info","message":"Candle Completed","data":{"candle":10,"ohlcv":{"timestamp":"2025-08-18T10:25:33.347Z","open":115262,"high":115262,"low":115220,"close":115220,"volume":3596411},"activeStrategy":"PRIMARY","marketRegime":"TRENDING","duration":"60.211s"}}
{"timestamp":"2025-08-18T10:26:38.508Z","level":"market","message":"Price Tick","data":{"price":115210.654872,"tick":122,"currentCandle":10,"activeStrategy":"PRIMARY"}}
{"timestamp":"2025-08-18T10:26:43.515Z","level":"market","message":"Price Tick","data":{"price":115210.654872,"tick":123,"currentCandle":10,"activeStrategy":"PRIMARY"}}
{"timestamp":"2025-08-18T10:26:48.530Z","level":"market","message":"Price Tick","data":{"price":115200.939696,"tick":124,"currentCandle":10,"activeStrategy":"PRIMARY"}}
{"timestamp":"2025-08-18T10:26:50.451Z","level":"info","message":"========== TRADING STATUS UPDATE ==========","data":{"runtime":"0h 10m","candle":10,"updates":124,"updateRate":"0.2","signals":0,"trades":0,"equity":100000,"dailyPnL":0,"marketRegime":"TRENDING","activeStrategy":"PRIMARY","connectionStatus":"✅ Connected"}}
{"timestamp":"2025-08-18T10:26:50.452Z","level":"info","message":"SUPERTREND RENKO STATUS","data":{"bricks":0,"brickSize":0,"trend":"0 INIT","trendStrength":"0.0","signals":0,"avgConfluence":"0.00","activeStrategy":"ACTIVE"}}
{"timestamp":"2025-08-18T10:26:50.453Z","level":"info","message":"BOLLINGER RENKO STATUS","data":{"bricks":0,"brickSize":0,"trend":"0 INIT","trendStrength":"0.0","signals":0,"bbBounces":0,"activeStrategy":"STANDBY"}}
{"timestamp":"2025-08-18T10:26:50.453Z","level":"info","message":"POSITION STATUS","data":{"status":"NO POSITION","cash":100000,"candle":10}}
{"timestamp":"2025-08-18T10:26:53.561Z","level":"market","message":"Price Tick","data":{"price":115206.215492,"tick":125,"currentCandle":10,"activeStrategy":"PRIMARY"}}
{"timestamp":"2025-08-18T10:26:58.580Z","level":"market","message":"Price Tick","data":{"price":115198.920947,"tick":126,"currentCandle":10,"activeStrategy":"PRIMARY"}}
{"timestamp":"2025-08-18T10:27:03.586Z","level":"market","message":"Price Tick","data":{"price":115199.244652,"tick":127,"currentCandle":10,"activeStrategy":"PRIMARY"}}
{"timestamp":"2025-08-18T10:27:08.607Z","level":"market","message":"Price Tick","data":{"price":115193.086233,"tick":128,"currentCandle":10,"activeStrategy":"PRIMARY"}}
{"timestamp":"2025-08-18T10:27:10.452Z","level":"info","message":"========== TRADING STATUS UPDATE ==========","data":{"runtime":"0h 10m","candle":10,"updates":128,"updateRate":"0.2","signals":0,"trades":0,"equity":100000,"dailyPnL":0,"marketRegime":"TRENDING","activeStrategy":"PRIMARY","connectionStatus":"✅ Connected"}}
{"timestamp":"2025-08-18T10:27:10.453Z","level":"info","message":"SUPERTREND RENKO STATUS","data":{"bricks":0,"brickSize":0,"trend":"0 INIT","trendStrength":"0.0","signals":0,"avgConfluence":"0.00","activeStrategy":"ACTIVE"}}
{"timestamp":"2025-08-18T10:27:10.454Z","level":"info","message":"BOLLINGER RENKO STATUS","data":{"bricks":0,"brickSize":0,"trend":"0 INIT","trendStrength":"0.0","signals":0,"bbBounces":0,"activeStrategy":"STANDBY"}}
{"timestamp":"2025-08-18T10:27:10.454Z","level":"info","message":"POSITION STATUS","data":{"status":"NO POSITION","cash":100000,"candle":10}}
{"timestamp":"2025-08-18T10:27:13.614Z","level":"market","message":"Price Tick","data":{"price":115229.49751,"tick":129,"currentCandle":10,"activeStrategy":"PRIMARY"}}
{"timestamp":"2025-08-18T10:27:18.632Z","level":"market","message":"Price Tick","data":{"price":115223.234567,"tick":130,"currentCandle":10,"activeStrategy":"PRIMARY"}}
{"timestamp":"2025-08-18T10:27:23.638Z","level":"market","message":"Price Tick","data":{"price":115221.270687,"tick":131,"currentCandle":10,"activeStrategy":"PRIMARY"}}
{"timestamp":"2025-08-18T10:27:28.661Z","level":"market","message":"Price Tick","data":{"price":115221.270687,"tick":132,"currentCandle":10,"activeStrategy":"PRIMARY"}}
{"timestamp":"2025-08-18T10:27:30.453Z","level":"info","message":"========== TRADING STATUS UPDATE ==========","data":{"runtime":"0h 11m","candle":10,"updates":132,"updateRate":"0.2","signals":0,"trades":0,"equity":100000,"dailyPnL":0,"marketRegime":"TRENDING","activeStrategy":"PRIMARY","connectionStatus":"✅ Connected"}}
{"timestamp":"2025-08-18T10:27:30.455Z","level":"info","message":"SUPERTREND RENKO STATUS","data":{"bricks":0,"brickSize":0,"trend":"0 INIT","trendStrength":"0.0","signals":0,"avgConfluence":"0.00","activeStrategy":"ACTIVE"}}
{"timestamp":"2025-08-18T10:27:30.456Z","level":"info","message":"BOLLINGER RENKO STATUS","data":{"bricks":0,"brickSize":0,"trend":"0 INIT","trendStrength":"0.0","signals":0,"bbBounces":0,"activeStrategy":"STANDBY"}}
{"timestamp":"2025-08-18T10:27:30.457Z","level":"info","message":"POSITION STATUS","data":{"status":"NO POSITION","cash":100000,"candle":10}}
{"timestamp":"2025-08-18T10:27:33.670Z","level":"market","message":"Price Tick","data":{"price":115212.653354,"tick":133,"currentCandle":10,"activeStrategy":"PRIMARY"}}
{"timestamp":"2025-08-18T10:27:33.671Z","level":"info","message":"Candle Completed","data":{"candle":11,"ohlcv":{"timestamp":"2025-08-18T10:26:33.558Z","open":115220,"high":115220,"low":115189,"close":115189,"volume":3596411},"activeStrategy":"PRIMARY","marketRegime":"TRENDING","duration":"60.113s"}}
{"timestamp":"2025-08-18T10:27:38.689Z","level":"market","message":"Price Tick","data":{"price":115212.653354,"tick":134,"currentCandle":11,"activeStrategy":"PRIMARY"}}
{"timestamp":"2025-08-18T10:27:43.702Z","level":"market","message":"Price Tick","data":{"price":115197.706794,"tick":135,"currentCandle":11,"activeStrategy":"PRIMARY"}}
{"timestamp":"2025-08-18T10:27:48.714Z","level":"market","message":"Price Tick","data":{"price":115197.792214,"tick":136,"currentCandle":11,"activeStrategy":"PRIMARY"}}
{"timestamp":"2025-08-18T10:27:50.454Z","level":"info","message":"========== TRADING STATUS UPDATE ==========","data":{"runtime":"0h 11m","candle":11,"updates":136,"updateRate":"0.2","signals":0,"trades":0,"equity":100000,"dailyPnL":0,"marketRegime":"TRENDING","activeStrategy":"PRIMARY","connectionStatus":"✅ Connected"}}
{"timestamp":"2025-08-18T10:27:50.456Z","level":"info","message":"SUPERTREND RENKO STATUS","data":{"bricks":0,"brickSize":0,"trend":"0 INIT","trendStrength":"0.0","signals":0,"avgConfluence":"0.00","activeStrategy":"ACTIVE"}}
{"timestamp":"2025-08-18T10:27:50.456Z","level":"info","message":"BOLLINGER RENKO STATUS","data":{"bricks":0,"brickSize":0,"trend":"0 INIT","trendStrength":"0.0","signals":0,"bbBounces":0,"activeStrategy":"STANDBY"}}
{"timestamp":"2025-08-18T10:27:50.457Z","level":"info","message":"POSITION STATUS","data":{"status":"NO POSITION","cash":100000,"candle":11}}
{"timestamp":"2025-08-18T10:27:53.739Z","level":"market","message":"Price Tick","data":{"price":115198.595277,"tick":137,"currentCandle":11,"activeStrategy":"PRIMARY"}}
{"timestamp":"2025-08-18T10:27:58.757Z","level":"market","message":"Price Tick","data":{"price":115198.913004,"tick":138,"currentCandle":11,"activeStrategy":"PRIMARY"}}
{"timestamp":"2025-08-18T10:28:03.768Z","level":"market","message":"Price Tick","data":{"price":115199.04799,"tick":139,"currentCandle":11,"activeStrategy":"PRIMARY"}}
{"timestamp":"2025-08-18T10:28:08.784Z","level":"market","message":"Price Tick","data":{"price":115181.382865,"tick":140,"currentCandle":11,"activeStrategy":"PRIMARY"}}
{"timestamp":"2025-08-18T10:28:10.455Z","level":"info","message":"========== TRADING STATUS UPDATE ==========","data":{"runtime":"0h 11m","candle":11,"updates":140,"updateRate":"0.2","signals":0,"trades":0,"equity":100000,"dailyPnL":0,"marketRegime":"TRENDING","activeStrategy":"PRIMARY","connectionStatus":"✅ Connected"}}
{"timestamp":"2025-08-18T10:28:10.457Z","level":"info","message":"SUPERTREND RENKO STATUS","data":{"bricks":0,"brickSize":0,"trend":"0 INIT","trendStrength":"0.0","signals":0,"avgConfluence":"0.00","activeStrategy":"ACTIVE"}}
{"timestamp":"2025-08-18T10:28:10.458Z","level":"info","message":"BOLLINGER RENKO STATUS","data":{"bricks":0,"brickSize":0,"trend":"0 INIT","trendStrength":"0.0","signals":0,"bbBounces":0,"activeStrategy":"STANDBY"}}
{"timestamp":"2025-08-18T10:28:10.459Z","level":"info","message":"POSITION STATUS","data":{"status":"NO POSITION","cash":100000,"candle":11}}
{"timestamp":"2025-08-18T10:28:13.798Z","level":"market","message":"Price Tick","data":{"price":115170.768778,"tick":141,"currentCandle":11,"activeStrategy":"PRIMARY"}}
{"timestamp":"2025-08-18T10:28:18.815Z","level":"market","message":"Price Tick","data":{"price":115169.915757,"tick":142,"currentCandle":11,"activeStrategy":"PRIMARY"}}
{"timestamp":"2025-08-18T10:28:23.843Z","level":"market","message":"Price Tick","data":{"price":115169.915757,"tick":143,"currentCandle":11,"activeStrategy":"PRIMARY"}}
{"timestamp":"2025-08-18T10:28:28.864Z","level":"market","message":"Price Tick","data":{"price":115169.915757,"tick":144,"currentCandle":11,"activeStrategy":"PRIMARY"}}
{"timestamp":"2025-08-18T10:28:30.455Z","level":"info","message":"========== TRADING STATUS UPDATE ==========","data":{"runtime":"0h 12m","candle":11,"updates":144,"updateRate":"0.2","signals":0,"trades":0,"equity":100000,"dailyPnL":0,"marketRegime":"TRENDING","activeStrategy":"PRIMARY","connectionStatus":"✅ Connected"}}
{"timestamp":"2025-08-18T10:28:30.457Z","level":"info","message":"SUPERTREND RENKO STATUS","data":{"bricks":0,"brickSize":0,"trend":"0 INIT","trendStrength":"0.0","signals":0,"avgConfluence":"0.00","activeStrategy":"ACTIVE"}}
{"timestamp":"2025-08-18T10:28:30.457Z","level":"info","message":"BOLLINGER RENKO STATUS","data":{"bricks":0,"brickSize":0,"trend":"0 INIT","trendStrength":"0.0","signals":0,"bbBounces":0,"activeStrategy":"STANDBY"}}
{"timestamp":"2025-08-18T10:28:30.458Z","level":"info","message":"POSITION STATUS","data":{"status":"NO POSITION","cash":100000,"candle":11}}
{"timestamp":"2025-08-18T10:28:33.880Z","level":"market","message":"Price Tick","data":{"price":115140.204172,"tick":145,"currentCandle":11,"activeStrategy":"PRIMARY"}}
{"timestamp":"2025-08-18T10:28:33.882Z","level":"info","message":"Candle Completed","data":{"candle":12,"ohlcv":{"timestamp":"2025-08-18T10:27:33.671Z","open":115189,"high":115199,"low":115133,"close":115133,"volume":3597026},"activeStrategy":"PRIMARY","marketRegime":"TRENDING","duration":"60.211s"}}
{"timestamp":"2025-08-18T10:28:38.867Z","level":"market","message":"Price Tick","data":{"price":115124.078538,"tick":146,"currentCandle":12,"activeStrategy":"PRIMARY"}}
{"timestamp":"2025-08-18T10:28:43.879Z","level":"market","message":"Price Tick","data":{"price":115100.139543,"tick":147,"currentCandle":12,"activeStrategy":"PRIMARY"}}
{"timestamp":"2025-08-18T10:28:48.897Z","level":"market","message":"Price Tick","data":{"price":115076.161462,"tick":148,"currentCandle":12,"activeStrategy":"PRIMARY"}}
{"timestamp":"2025-08-18T10:28:50.456Z","level":"info","message":"========== TRADING STATUS UPDATE ==========","data":{"runtime":"0h 12m","candle":12,"updates":148,"updateRate":"0.2","signals":0,"trades":0,"equity":100000,"dailyPnL":0,"marketRegime":"TRENDING","activeStrategy":"PRIMARY","connectionStatus":"✅ Connected"}}
{"timestamp":"2025-08-18T10:28:50.458Z","level":"info","message":"SUPERTREND RENKO STATUS","data":{"bricks":0,"brickSize":0,"trend":"0 INIT","trendStrength":"0.0","signals":0,"avgConfluence":"0.00","activeStrategy":"ACTIVE"}}
{"timestamp":"2025-08-18T10:28:50.459Z","level":"info","message":"BOLLINGER RENKO STATUS","data":{"bricks":0,"brickSize":0,"trend":"0 INIT","trendStrength":"0.0","signals":0,"bbBounces":0,"activeStrategy":"STANDBY"}}
{"timestamp":"2025-08-18T10:28:50.459Z","level":"info","message":"POSITION STATUS","data":{"status":"NO POSITION","cash":100000,"candle":12}}
{"timestamp":"2025-08-18T10:28:53.957Z","level":"market","message":"Price Tick","data":{"price":115051.498871,"tick":149,"currentCandle":12,"activeStrategy":"PRIMARY"}}
{"timestamp":"2025-08-18T10:28:58.975Z","level":"market","message":"Price Tick","data":{"price":115033.115021,"tick":150,"currentCandle":12,"activeStrategy":"PRIMARY"}}
{"timestamp":"2025-08-18T10:29:03.986Z","level":"market","message":"Price Tick","data":{"price":115032.36563,"tick":151,"currentCandle":12,"activeStrategy":"PRIMARY"}}
{"timestamp":"2025-08-18T10:29:09.008Z","level":"market","message":"Price Tick","data":{"price":115015.416537,"tick":152,"currentCandle":12,"activeStrategy":"PRIMARY"}}
{"timestamp":"2025-08-18T10:29:10.457Z","level":"info","message":"========== TRADING STATUS UPDATE ==========","data":{"runtime":"0h 12m","candle":12,"updates":152,"updateRate":"0.2","signals":0,"trades":0,"equity":100000,"dailyPnL":0,"marketRegime":"TRENDING","activeStrategy":"PRIMARY","connectionStatus":"✅ Connected"}}
{"timestamp":"2025-08-18T10:29:10.459Z","level":"info","message":"SUPERTREND RENKO STATUS","data":{"bricks":0,"brickSize":0,"trend":"0 INIT","trendStrength":"0.0","signals":0,"avgConfluence":"0.00","activeStrategy":"ACTIVE"}}
{"timestamp":"2025-08-18T10:29:10.460Z","level":"info","message":"BOLLINGER RENKO STATUS","data":{"bricks":0,"brickSize":0,"trend":"0 INIT","trendStrength":"0.0","signals":0,"bbBounces":0,"activeStrategy":"STANDBY"}}
{"timestamp":"2025-08-18T10:29:10.460Z","level":"info","message":"POSITION STATUS","data":{"status":"NO POSITION","cash":100000,"candle":12}}
{"timestamp":"2025-08-18T10:29:14.122Z","level":"market","message":"Price Tick","data":{"price":115007.943816,"tick":153,"currentCandle":12,"activeStrategy":"PRIMARY"}}
{"timestamp":"2025-08-18T10:29:19.034Z","level":"market","message":"Price Tick","data":{"price":115007.943816,"tick":154,"currentCandle":12,"activeStrategy":"PRIMARY"}}
{"timestamp":"2025-08-18T10:29:24.331Z","level":"market","message":"Price Tick","data":{"price":115002.361454,"tick":155,"currentCandle":12,"activeStrategy":"PRIMARY"}}
{"timestamp":"2025-08-18T10:29:29.057Z","level":"market","message":"Price Tick","data":{"price":115007.652359,"tick":156,"currentCandle":12,"activeStrategy":"PRIMARY"}}
{"timestamp":"2025-08-18T10:29:30.458Z","level":"info","message":"========== TRADING STATUS UPDATE ==========","data":{"runtime":"0h 13m","candle":12,"updates":156,"updateRate":"0.2","signals":0,"trades":0,"equity":100000,"dailyPnL":0,"marketRegime":"TRENDING","activeStrategy":"PRIMARY","connectionStatus":"✅ Connected"}}
{"timestamp":"2025-08-18T10:29:30.460Z","level":"info","message":"SUPERTREND RENKO STATUS","data":{"bricks":0,"brickSize":0,"trend":"0 INIT","trendStrength":"0.0","signals":0,"avgConfluence":"0.00","activeStrategy":"ACTIVE"}}
{"timestamp":"2025-08-18T10:29:30.461Z","level":"info","message":"BOLLINGER RENKO STATUS","data":{"bricks":0,"brickSize":0,"trend":"0 INIT","trendStrength":"0.0","signals":0,"bbBounces":0,"activeStrategy":"STANDBY"}}
{"timestamp":"2025-08-18T10:29:30.461Z","level":"info","message":"POSITION STATUS","data":{"status":"NO POSITION","cash":100000,"candle":12}}
{"timestamp":"2025-08-18T10:29:34.071Z","level":"market","message":"Price Tick","data":{"price":115009.67767,"tick":157,"currentCandle":12,"activeStrategy":"PRIMARY"}}
{"timestamp":"2025-08-18T10:29:34.072Z","level":"info","message":"Candle Completed","data":{"candle":13,"ohlcv":{"timestamp":"2025-08-18T10:28:33.882Z","open":115133,"high":115133,"low":115031.5,"close":115031.5,"volume":3598010},"activeStrategy":"PRIMARY","marketRegime":"TRENDING","duration":"60.19s"}}
{"timestamp":"2025-08-18T10:29:39.089Z","level":"market","message":"Price Tick","data":{"price":115014.292727,"tick":158,"currentCandle":13,"activeStrategy":"PRIMARY"}}
{"timestamp":"2025-08-18T10:29:44.096Z","level":"market","message":"Price Tick","data":{"price":115015.451445,"tick":159,"currentCandle":13,"activeStrategy":"PRIMARY"}}
{"timestamp":"2025-08-18T10:29:49.112Z","level":"market","message":"Price Tick","data":{"price":115011.962658,"tick":160,"currentCandle":13,"activeStrategy":"PRIMARY"}}
{"timestamp":"2025-08-18T10:29:50.458Z","level":"info","message":"========== TRADING STATUS UPDATE ==========","data":{"runtime":"0h 13m","candle":13,"updates":160,"updateRate":"0.2","signals":0,"trades":0,"equity":100000,"dailyPnL":0,"marketRegime":"TRENDING","activeStrategy":"PRIMARY","connectionStatus":"✅ Connected"}}
{"timestamp":"2025-08-18T10:29:50.460Z","level":"info","message":"SUPERTREND RENKO STATUS","data":{"bricks":0,"brickSize":0,"trend":"0 INIT","trendStrength":"0.0","signals":0,"avgConfluence":"0.00","activeStrategy":"ACTIVE"}}
{"timestamp":"2025-08-18T10:29:50.461Z","level":"info","message":"BOLLINGER RENKO STATUS","data":{"bricks":0,"brickSize":0,"trend":"0 INIT","trendStrength":"0.0","signals":0,"bbBounces":0,"activeStrategy":"STANDBY"}}
{"timestamp":"2025-08-18T10:29:50.461Z","level":"info","message":"POSITION STATUS","data":{"status":"NO POSITION","cash":100000,"candle":13}}
{"timestamp":"2025-08-18T10:29:54.161Z","level":"market","message":"Price Tick","data":{"price":115013.103151,"tick":161,"currentCandle":13,"activeStrategy":"PRIMARY"}}
{"timestamp":"2025-08-18T10:29:59.170Z","level":"market","message":"Price Tick","data":{"price":115014.765908,"tick":162,"currentCandle":13,"activeStrategy":"PRIMARY"}}
{"timestamp":"2025-08-18T10:30:04.197Z","level":"market","message":"Price Tick","data":{"price":115014.765908,"tick":163,"currentCandle":13,"activeStrategy":"PRIMARY"}}
{"timestamp":"2025-08-18T10:30:09.216Z","level":"market","message":"Price Tick","data":{"price":115014.765908,"tick":164,"currentCandle":13,"activeStrategy":"PRIMARY"}}
{"timestamp":"2025-08-18T10:30:10.459Z","level":"info","message":"========== TRADING STATUS UPDATE ==========","data":{"runtime":"0h 13m","candle":13,"updates":164,"updateRate":"0.2","signals":0,"trades":0,"equity":100000,"dailyPnL":0,"marketRegime":"TRENDING","activeStrategy":"PRIMARY","connectionStatus":"✅ Connected"}}
{"timestamp":"2025-08-18T10:30:10.461Z","level":"info","message":"SUPERTREND RENKO STATUS","data":{"bricks":0,"brickSize":0,"trend":"0 INIT","trendStrength":"0.0","signals":0,"avgConfluence":"0.00","activeStrategy":"ACTIVE"}}
{"timestamp":"2025-08-18T10:30:10.462Z","level":"info","message":"BOLLINGER RENKO STATUS","data":{"bricks":0,"brickSize":0,"trend":"0 INIT","trendStrength":"0.0","signals":0,"bbBounces":0,"activeStrategy":"STANDBY"}}
{"timestamp":"2025-08-18T10:30:10.463Z","level":"info","message":"POSITION STATUS","data":{"status":"NO POSITION","cash":100000,"candle":13}}
{"timestamp":"2025-08-18T10:30:14.233Z","level":"market","message":"Price Tick","data":{"price":115019.951756,"tick":165,"currentCandle":13,"activeStrategy":"PRIMARY"}}
{"timestamp":"2025-08-18T10:30:19.198Z","level":"market","message":"Price Tick","data":{"price":115018.216251,"tick":166,"currentCandle":13,"activeStrategy":"PRIMARY"}}
{"timestamp":"2025-08-18T10:30:24.268Z","level":"market","message":"Price Tick","data":{"price":115020.51271,"tick":167,"currentCandle":13,"activeStrategy":"PRIMARY"}}
{"timestamp":"2025-08-18T10:30:29.227Z","level":"market","message":"Price Tick","data":{"price":115019.049326,"tick":168,"currentCandle":13,"activeStrategy":"PRIMARY"}}
{"timestamp":"2025-08-18T10:30:30.460Z","level":"info","message":"========== TRADING STATUS UPDATE ==========","data":{"runtime":"0h 14m","candle":13,"updates":168,"updateRate":"0.2","signals":0,"trades":0,"equity":100000,"dailyPnL":0,"marketRegime":"TRENDING","activeStrategy":"PRIMARY","connectionStatus":"✅ Connected"}}
{"timestamp":"2025-08-18T10:30:30.462Z","level":"info","message":"SUPERTREND RENKO STATUS","data":{"bricks":0,"brickSize":0,"trend":"0 INIT","trendStrength":"0.0","signals":0,"avgConfluence":"0.00","activeStrategy":"ACTIVE"}}
{"timestamp":"2025-08-18T10:30:30.462Z","level":"info","message":"BOLLINGER RENKO STATUS","data":{"bricks":0,"brickSize":0,"trend":"0 INIT","trendStrength":"0.0","signals":0,"bbBounces":0,"activeStrategy":"STANDBY"}}
{"timestamp":"2025-08-18T10:30:30.463Z","level":"info","message":"POSITION STATUS","data":{"status":"NO POSITION","cash":100000,"candle":13}}
{"timestamp":"2025-08-18T10:30:34.305Z","level":"market","message":"Price Tick","data":{"price":115043.095497,"tick":169,"currentCandle":13,"activeStrategy":"PRIMARY"}}
{"timestamp":"2025-08-18T10:30:34.306Z","level":"info","message":"Candle Completed","data":{"candle":14,"ohlcv":{"timestamp":"2025-08-18T10:29:34.072Z","open":115031.5,"high":115031.5,"low":115020.5,"close":115020.5,"volume":3598010},"activeStrategy":"PRIMARY","marketRegime":"TRENDING","duration":"60.234s"}}
{"timestamp":"2025-08-18T10:30:39.321Z","level":"market","message":"Price Tick","data":{"price":115043.314664,"tick":170,"currentCandle":14,"activeStrategy":"PRIMARY"}}
{"timestamp":"2025-08-18T10:30:44.338Z","level":"market","message":"Price Tick","data":{"price":115043.483575,"tick":171,"currentCandle":14,"activeStrategy":"PRIMARY"}}
{"timestamp":"2025-08-18T10:30:49.285Z","level":"market","message":"Price Tick","data":{"price":115043.483575,"tick":172,"currentCandle":14,"activeStrategy":"PRIMARY"}}
{"timestamp":"2025-08-18T10:30:50.461Z","level":"info","message":"========== TRADING STATUS UPDATE ==========","data":{"runtime":"0h 14m","candle":14,"updates":172,"updateRate":"0.2","signals":0,"trades":0,"equity":100000,"dailyPnL":0,"marketRegime":"TRENDING","activeStrategy":"PRIMARY","connectionStatus":"✅ Connected"}}
{"timestamp":"2025-08-18T10:30:50.463Z","level":"info","message":"SUPERTREND RENKO STATUS","data":{"bricks":0,"brickSize":0,"trend":"0 INIT","trendStrength":"0.0","signals":0,"avgConfluence":"0.00","activeStrategy":"ACTIVE"}}
{"timestamp":"2025-08-18T10:30:50.464Z","level":"info","message":"BOLLINGER RENKO STATUS","data":{"bricks":0,"brickSize":0,"trend":"0 INIT","trendStrength":"0.0","signals":0,"bbBounces":0,"activeStrategy":"STANDBY"}}
{"timestamp":"2025-08-18T10:30:50.465Z","level":"info","message":"POSITION STATUS","data":{"status":"NO POSITION","cash":100000,"candle":14}}
{"timestamp":"2025-08-18T10:30:54.376Z","level":"market","message":"Price Tick","data":{"price":115045.0074,"tick":173,"currentCandle":14,"activeStrategy":"PRIMARY"}}
{"timestamp":"2025-08-18T10:30:59.332Z","level":"market","message":"Price Tick","data":{"price":115046.443688,"tick":174,"currentCandle":14,"activeStrategy":"PRIMARY"}}
{"timestamp":"2025-08-18T10:31:04.348Z","level":"market","message":"Price Tick","data":{"price":115044.05725,"tick":175,"currentCandle":14,"activeStrategy":"PRIMARY"}}
{"timestamp":"2025-08-18T10:31:09.361Z","level":"market","message":"Price Tick","data":{"price":115060.25468,"tick":176,"currentCandle":14,"activeStrategy":"PRIMARY"}}
{"timestamp":"2025-08-18T10:31:10.462Z","level":"info","message":"========== TRADING STATUS UPDATE ==========","data":{"runtime":"0h 14m","candle":14,"updates":176,"updateRate":"0.2","signals":0,"trades":0,"equity":100000,"dailyPnL":0,"marketRegime":"TRENDING","activeStrategy":"PRIMARY","connectionStatus":"✅ Connected"}}
{"timestamp":"2025-08-18T10:31:10.465Z","level":"info","message":"SUPERTREND RENKO STATUS","data":{"bricks":0,"brickSize":0,"trend":"0 INIT","trendStrength":"0.0","signals":0,"avgConfluence":"0.00","activeStrategy":"ACTIVE"}}
{"timestamp":"2025-08-18T10:31:10.465Z","level":"info","message":"BOLLINGER RENKO STATUS","data":{"bricks":0,"brickSize":0,"trend":"0 INIT","trendStrength":"0.0","signals":0,"bbBounces":0,"activeStrategy":"STANDBY"}}
{"timestamp":"2025-08-18T10:31:10.466Z","level":"info","message":"POSITION STATUS","data":{"status":"NO POSITION","cash":100000,"candle":14}}
{"timestamp":"2025-08-18T10:31:14.373Z","level":"market","message":"Price Tick","data":{"price":115061.117303,"tick":177,"currentCandle":14,"activeStrategy":"PRIMARY"}}
{"timestamp":"2025-08-18T10:31:19.390Z","level":"market","message":"Price Tick","data":{"price":115061.117303,"tick":178,"currentCandle":14,"activeStrategy":"PRIMARY"}}
{"timestamp":"2025-08-18T10:31:24.480Z","level":"market","message":"Price Tick","data":{"price":115060.390042,"tick":179,"currentCandle":14,"activeStrategy":"PRIMARY"}}
{"timestamp":"2025-08-18T10:31:29.496Z","level":"market","message":"Price Tick","data":{"price":115063.216385,"tick":180,"currentCandle":14,"activeStrategy":"PRIMARY"}}
{"timestamp":"2025-08-18T10:31:30.463Z","level":"info","message":"========== TRADING STATUS UPDATE ==========","data":{"runtime":"0h 15m","candle":14,"updates":180,"updateRate":"0.2","signals":0,"trades":0,"equity":100000,"dailyPnL":0,"marketRegime":"TRENDING","activeStrategy":"PRIMARY","connectionStatus":"✅ Connected"}}
{"timestamp":"2025-08-18T10:31:30.466Z","level":"info","message":"SUPERTREND RENKO STATUS","data":{"bricks":0,"brickSize":0,"trend":"0 INIT","trendStrength":"0.0","signals":0,"avgConfluence":"0.00","activeStrategy":"ACTIVE"}}
{"timestamp":"2025-08-18T10:31:30.466Z","level":"info","message":"BOLLINGER RENKO STATUS","data":{"bricks":0,"brickSize":0,"trend":"0 INIT","trendStrength":"0.0","signals":0,"bbBounces":0,"activeStrategy":"STANDBY"}}
{"timestamp":"2025-08-18T10:31:30.467Z","level":"info","message":"POSITION STATUS","data":{"status":"NO POSITION","cash":100000,"candle":14}}
{"timestamp":"2025-08-18T10:31:34.515Z","level":"market","message":"Price Tick","data":{"price":115059.397318,"tick":181,"currentCandle":14,"activeStrategy":"PRIMARY"}}
{"timestamp":"2025-08-18T10:31:34.516Z","level":"info","message":"Candle Completed","data":{"candle":15,"ohlcv":{"timestamp":"2025-08-18T10:30:34.306Z","open":115020.5,"high":115070.5,"low":115020.5,"close":115070.5,"volume":3598010},"activeStrategy":"PRIMARY","marketRegime":"TRENDING","duration":"60.21s"}}
{"timestamp":"2025-08-18T10:31:34.519Z","level":"info","message":"SUPERTREND Brick Size calculated","data":{"brickSize":75.1,"atr":230.30228571427142,"activeStrategy":"PRIMARY"}}
{"timestamp":"2025-08-18T10:31:34.520Z","level":"info","message":"SUPERTREND Brick formed","data":{"brickNumber":1,"direction":"INIT","open":115070.5,"close":115070.5,"consecutive":1,"activeStrategy":"PRIMARY"}}
{"timestamp":"2025-08-18T10:31:34.520Z","level":"info","message":"BOLLINGER Brick Size calculated","data":{"brickSize":50,"atr":230.30228571427142,"activeStrategy":"PRIMARY"}}
{"timestamp":"2025-08-18T10:31:34.521Z","level":"info","message":"BOLLINGER Brick formed","data":{"brickNumber":1,"direction":"INIT","open":115070.5,"close":115070.5,"consecutive":1,"activeStrategy":"PRIMARY"}}
{"timestamp":"2025-08-18T10:31:39.532Z","level":"market","message":"Price Tick","data":{"price":115055.52189,"tick":182,"currentCandle":15,"activeStrategy":"PRIMARY"}}
{"timestamp":"2025-08-18T10:31:44.456Z","level":"market","message":"Price Tick","data":{"price":115061.880192,"tick":183,"currentCandle":15,"activeStrategy":"PRIMARY"}}
{"timestamp":"2025-08-18T10:31:49.473Z","level":"market","message":"Price Tick","data":{"price":115079.10465,"tick":184,"currentCandle":15,"activeStrategy":"PRIMARY"}}
{"timestamp":"2025-08-18T10:31:50.464Z","level":"info","message":"========== TRADING STATUS UPDATE ==========","data":{"runtime":"0h 15m","candle":15,"updates":184,"updateRate":"0.2","signals":0,"trades":0,"equity":100000,"dailyPnL":0,"marketRegime":"TRENDING","activeStrategy":"PRIMARY","connectionStatus":"✅ Connected"}}
{"timestamp":"2025-08-18T10:31:50.466Z","level":"info","message":"SUPERTREND RENKO STATUS","data":{"bricks":1,"brickSize":75.1,"trend":"1 INIT","trendStrength":"0.0","signals":0,"avgConfluence":"0.00","activeStrategy":"ACTIVE"}}
{"timestamp":"2025-08-18T10:31:50.467Z","level":"info","message":"BOLLINGER RENKO STATUS","data":{"bricks":1,"brickSize":50,"trend":"1 INIT","trendStrength":"0.0","signals":0,"bbBounces":0,"activeStrategy":"STANDBY"}}
{"timestamp":"2025-08-18T10:31:50.467Z","level":"info","message":"POSITION STATUS","data":{"status":"NO POSITION","cash":100000,"candle":15}}
{"timestamp":"2025-08-18T10:31:54.514Z","level":"market","message":"Price Tick","data":{"price":115081.078544,"tick":185,"currentCandle":15,"activeStrategy":"PRIMARY"}}
{"timestamp":"2025-08-18T10:31:59.604Z","level":"market","message":"Price Tick","data":{"price":115080.771538,"tick":186,"currentCandle":15,"activeStrategy":"PRIMARY"}}
{"timestamp":"2025-08-18T10:32:04.620Z","level":"market","message":"Price Tick","data":{"price":115080.771538,"tick":187,"currentCandle":15,"activeStrategy":"PRIMARY"}}
{"timestamp":"2025-08-18T10:32:09.638Z","level":"market","message":"Price Tick","data":{"price":115080.47277,"tick":188,"currentCandle":15,"activeStrategy":"PRIMARY"}}
{"timestamp":"2025-08-18T10:32:10.466Z","level":"info","message":"========== TRADING STATUS UPDATE ==========","data":{"runtime":"0h 15m","candle":15,"updates":188,"updateRate":"0.2","signals":0,"trades":0,"equity":100000,"dailyPnL":0,"marketRegime":"TRENDING","activeStrategy":"PRIMARY","connectionStatus":"✅ Connected"}}
{"timestamp":"2025-08-18T10:32:10.468Z","level":"info","message":"SUPERTREND RENKO STATUS","data":{"bricks":1,"brickSize":75.1,"trend":"1 INIT","trendStrength":"0.0","signals":0,"avgConfluence":"0.00","activeStrategy":"ACTIVE"}}
{"timestamp":"2025-08-18T10:32:10.469Z","level":"info","message":"BOLLINGER RENKO STATUS","data":{"bricks":1,"brickSize":50,"trend":"1 INIT","trendStrength":"0.0","signals":0,"bbBounces":0,"activeStrategy":"STANDBY"}}
{"timestamp":"2025-08-18T10:32:10.469Z","level":"info","message":"POSITION STATUS","data":{"status":"NO POSITION","cash":100000,"candle":15}}
{"timestamp":"2025-08-18T10:32:14.574Z","level":"market","message":"Price Tick","data":{"price":115089.600827,"tick":189,"currentCandle":15,"activeStrategy":"PRIMARY"}}
{"timestamp":"2025-08-18T10:32:19.592Z","level":"market","message":"Price Tick","data":{"price":115091.761859,"tick":190,"currentCandle":15,"activeStrategy":"PRIMARY"}}
